\BOOKMARK [1][-]{section.1}{Introduction}{}% 1
\BOOKMARK [1][-]{section.2}{Pseudo-1D Euler Equations}{}% 2
\BOOKMARK [1][-]{section.3}{Physical Model}{}% 3
\BOOKMARK [2][-]{subsection.3.1}{Geometry and Physics}{section.3}% 4
\BOOKMARK [1][-]{section.4}{Riemann Problem - Euler Equations}{}% 5
\BOOKMARK [1][-]{section.5}{Boundary Conditions}{}% 6
\BOOKMARK [2][-]{subsection.5.1}{Subsonic Inlet}{section.5}% 7
\BOOKMARK [2][-]{subsection.5.2}{Subsonic Outlet}{section.5}% 8
\BOOKMARK [2][-]{subsection.5.3}{Supersonic Outlet}{section.5}% 9
\BOOKMARK [1][-]{section.6}{Numerical Method}{}% 10
\BOOKMARK [2][-]{subsection.6.1}{Fractional Splitting}{section.6}% 11
\BOOKMARK [2][-]{subsection.6.2}{Flux Limiter Methods}{section.6}% 12
\BOOKMARK [2][-]{subsection.6.3}{Source Terms}{section.6}% 13
\BOOKMARK [1][-]{section.7}{Numerical Results}{}% 14
\BOOKMARK [2][-]{subsection.7.1}{Convergence}{section.7}% 15
\BOOKMARK [2][-]{subsection.7.2}{Subsonic}{section.7}% 16
\BOOKMARK [2][-]{subsection.7.3}{Choked Subsonic}{section.7}% 17
\BOOKMARK [2][-]{subsection.7.4}{Supersonic}{section.7}% 18
\BOOKMARK [1][-]{section.8}{Appendix}{}% 19
\BOOKMARK [2][-]{subsection.8.1}{Analytical Shock Location}{section.8}% 20
